<?xml version="1.0" encoding="UTF-8"?>
<testng-results skipped="0" failed="1" ignored="0" total="7" passed="6">
  <reporter-output>
  </reporter-output>
  <suite name="Surefire suite" duration-ms="12550" started-at="2018-05-22T21:11:51Z" finished-at="2018-05-22T21:12:04Z">
    <groups>
    </groups>
    <test name="Surefire test" duration-ms="12550" started-at="2018-05-22T21:11:51Z" finished-at="2018-05-22T21:12:04Z">
      <class name="TestLabriary">
        <test-method status="FAIL" signature="disappearingElements()[pri:0, instance:TestLabriary@b81938d]" name="disappearingElements" duration-ms="3908" started-at="2018-05-22T14:11:51Z" finished-at="2018-05-22T14:11:55Z">
          <exception class="java.lang.AssertionError">
            <message>
              <![CDATA[After page refresh element disappeared max refreshing 10 expected [5] but found [4]]]>
            </message>
            <full-stacktrace>
              <![CDATA[java.lang.AssertionError: After page refresh element disappeared max refreshing 10 expected [5] but found [4]
	at org.testng.Assert.fail(Assert.java:93)
	at org.testng.Assert.failNotEquals(Assert.java:512)
	at org.testng.Assert.assertEqualsImpl(Assert.java:134)
	at org.testng.Assert.assertEquals(Assert.java:115)
	at org.testng.Assert.assertEquals(Assert.java:388)
	at TestLabriary.disappearingElements(TestLabriary.java:91)
	at sun.reflect.NativeMethodAccessorImpl.invoke0(Native Method)
	at sun.reflect.NativeMethodAccessorImpl.invoke(NativeMethodAccessorImpl.java:62)
	at sun.reflect.DelegatingMethodAccessorImpl.invoke(DelegatingMethodAccessorImpl.java:43)
	at java.lang.reflect.Method.invoke(Method.java:498)
	at org.testng.internal.MethodInvocationHelper.invokeMethod(MethodInvocationHelper.java:108)
	at org.testng.internal.Invoker.invokeMethod(Invoker.java:661)
	at org.testng.internal.Invoker.invokeTestMethod(Invoker.java:869)
	at org.testng.internal.Invoker.invokeTestMethods(Invoker.java:1193)
	at org.testng.internal.TestMethodWorker.invokeTestMethods(TestMethodWorker.java:126)
	at org.testng.internal.TestMethodWorker.run(TestMethodWorker.java:109)
	at org.testng.TestRunner.privateRun(TestRunner.java:744)
	at org.testng.TestRunner.run(TestRunner.java:602)
	at org.testng.SuiteRunner.runTest(SuiteRunner.java:380)
	at org.testng.SuiteRunner.runSequentially(SuiteRunner.java:375)
	at org.testng.SuiteRunner.privateRun(SuiteRunner.java:340)
	at org.testng.SuiteRunner.run(SuiteRunner.java:289)
	at org.testng.SuiteRunnerWorker.runSuite(SuiteRunnerWorker.java:52)
	at org.testng.SuiteRunnerWorker.run(SuiteRunnerWorker.java:86)
	at org.testng.TestNG.runSuitesSequentially(TestNG.java:1301)
	at org.testng.TestNG.runSuitesLocally(TestNG.java:1226)
	at org.testng.TestNG.runSuites(TestNG.java:1144)
	at org.testng.TestNG.run(TestNG.java:1115)
	at org.apache.maven.surefire.testng.TestNGExecutor.run(TestNGExecutor.java:135)
	at org.apache.maven.surefire.testng.TestNGDirectoryTestSuite.executeSingleClass(TestNGDirectoryTestSuite.java:112)
	at org.apache.maven.surefire.testng.TestNGDirectoryTestSuite.execute(TestNGDirectoryTestSuite.java:99)
	at org.apache.maven.surefire.testng.TestNGProvider.invoke(TestNGProvider.java:146)
	at org.apache.maven.surefire.booter.ForkedBooter.invokeProviderInSameClassLoader(ForkedBooter.java:386)
	at org.apache.maven.surefire.booter.ForkedBooter.runSuitesInProcess(ForkedBooter.java:323)
	at org.apache.maven.surefire.booter.ForkedBooter.main(ForkedBooter.java:143)
]]>
            </full-stacktrace>
          </exception> <!-- java.lang.AssertionError -->
          <reporter-output>
          </reporter-output>
        </test-method> <!-- disappearingElements -->
        <test-method status="PASS" signature="dynamicContnt()[pri:0, instance:TestLabriary@b81938d]" name="dynamicContnt" duration-ms="1030" started-at="2018-05-22T14:11:55Z" finished-at="2018-05-22T14:11:56Z">
          <reporter-output>
          </reporter-output>
        </test-method> <!-- dynamicContnt -->
        <test-method status="PASS" signature="logInPageErrorHandling()[pri:0, instance:TestLabriary@b81938d]" name="logInPageErrorHandling" duration-ms="1621" started-at="2018-05-22T14:11:56Z" finished-at="2018-05-22T14:11:58Z">
          <reporter-output>
          </reporter-output>
        </test-method> <!-- logInPageErrorHandling -->
        <test-method status="PASS" signature="logInPageHappyPath()[pri:0, instance:TestLabriary@b81938d]" name="logInPageHappyPath" duration-ms="1251" started-at="2018-05-22T14:11:58Z" finished-at="2018-05-22T14:11:59Z">
          <reporter-output>
          </reporter-output>
        </test-method> <!-- logInPageHappyPath -->
        <test-method status="PASS" signature="moveMouseHover()[pri:0, instance:TestLabriary@b81938d]" name="moveMouseHover" duration-ms="806" started-at="2018-05-22T14:11:59Z" finished-at="2018-05-22T14:12:00Z">
          <reporter-output>
          </reporter-output>
        </test-method> <!-- moveMouseHover -->
        <test-method status="PASS" signature="notificationMessageTestForNegativeMessage()[pri:0, instance:TestLabriary@b81938d]" name="notificationMessageTestForNegativeMessage" duration-ms="860" started-at="2018-05-22T14:12:00Z" finished-at="2018-05-22T14:12:01Z">
          <reporter-output>
          </reporter-output>
        </test-method> <!-- notificationMessageTestForNegativeMessage -->
        <test-method status="PASS" signature="notificationMessageTestForPositiveMessage()[pri:0, instance:TestLabriary@b81938d]" name="notificationMessageTestForPositiveMessage" duration-ms="2602" started-at="2018-05-22T14:12:01Z" finished-at="2018-05-22T14:12:03Z">
          <reporter-output>
          </reporter-output>
        </test-method> <!-- notificationMessageTestForPositiveMessage -->
        <test-method status="PASS" signature="closeBrowser()[pri:0, instance:TestLabriary@b81938d]" name="closeBrowser" is-config="true" duration-ms="304" started-at="2018-05-22T14:12:03Z" finished-at="2018-05-22T14:12:04Z">
          <reporter-output>
          </reporter-output>
        </test-method> <!-- closeBrowser -->
      </class> <!-- TestLabriary -->
    </test> <!-- Surefire test -->
  </suite> <!-- Surefire suite -->
</testng-results>
